d:\proiect_ip\proiectip\proiectip\debug\vc140.pdb
d:\proiect_ip\proiectip\proiectip\debug\vc140.idb
d:\proiect_ip\proiectip\proiectip\debug\button.obj
d:\proiect_ip\proiectip\proiectip\debug\card.obj
d:\proiect_ip\proiectip\proiectip\debug\cardmodel.obj
d:\proiect_ip\proiectip\proiectip\debug\deck.obj
d:\proiect_ip\proiectip\proiectip\debug\gameview.obj
d:\proiect_ip\proiectip\proiectip\debug\gamecontroller.obj
d:\proiect_ip\proiectip\proiectip\debug\hand.obj
d:\proiect_ip\proiectip\proiectip\debug\main.obj
d:\proiect_ip\proiectip\proiectip\debug\shape.obj
d:\proiect_ip\proiectip\proiectip\debug\text.obj
d:\proiect_ip\proiectip\debug\proiectip.ilk
d:\proiect_ip\proiectip\debug\proiectip.exe
d:\proiect_ip\proiectip\debug\proiectip.pdb
d:\proiect_ip\proiectip\proiectip\debug\proiectip.tlog\cl.command.1.tlog
d:\proiect_ip\proiectip\proiectip\debug\proiectip.tlog\cl.read.1.tlog
d:\proiect_ip\proiectip\proiectip\debug\proiectip.tlog\cl.write.1.tlog
d:\proiect_ip\proiectip\proiectip\debug\proiectip.tlog\link.command.1.tlog
d:\proiect_ip\proiectip\proiectip\debug\proiectip.tlog\link.read.1.tlog
d:\proiect_ip\proiectip\proiectip\debug\proiectip.tlog\link.write.1.tlog
